20:31:04 **** Incremental Build of configuration Debug_with_Cross GCC for project ECE640 ****
make all 
Building file: ../fog.cpp
Invoking: Cross G++ Compiler
g++ -O0 -g3 -Wall -c -fmessage-length=0 -MMD -MP -MF"fog.d" -MT"fog.d" -o "fog.o" "../fog.cpp"
../fog.cpp: In function ‘int ForwardPacket(char*, int*, int*)’:
../fog.cpp:149:2: warning: format ‘%u’ expects argument of type ‘unsigned int’, but argument 2 has type ‘__time_t {aka long int}’ [-Wformat]
../fog.cpp:149:2: warning: format ‘%u’ expects argument of type ‘unsigned int’, but argument 3 has type ‘__suseconds_t {aka long int}’ [-Wformat]
../fog.cpp: In function ‘int SelectFogs(int*, char*, int*)’:
../fog.cpp:224:30: warning: comparison between signed and unsigned integer expressions [-Wsign-compare]
../fog.cpp: In function ‘int main()’:
../fog.cpp:566:6: warning: format ‘%u’ expects argument of type ‘unsigned int’, but argument 2 has type ‘__time_t {aka long int}’ [-Wformat]
../fog.cpp:566:6: warning: format ‘%u’ expects argument of type ‘unsigned int’, but argument 3 has type ‘__suseconds_t {aka long int}’ [-Wformat]
../fog.cpp:568:6: warning: format ‘%u’ expects argument of type ‘unsigned int’, but argument 2 has type ‘__time_t {aka long int}’ [-Wformat]
../fog.cpp:568:6: warning: format ‘%u’ expects argument of type ‘unsigned int’, but argument 3 has type ‘__suseconds_t {aka long int}’ [-Wformat]
../fog.cpp:570:47: warning: format ‘%u’ expects argument of type ‘unsigned int’, but argument 2 has type ‘uint64_t {aka long long unsigned int}’ [-Wformat]
../fog.cpp:618:29: warning: comparison between signed and unsigned integer expressions [-Wsign-compare]
../fog.cpp:622:31: warning: comparison between signed and unsigned integer expressions [-Wsign-compare]
../fog.cpp:690:32: warning: comparison between signed and unsigned integer expressions [-Wsign-compare]
../fog.cpp:388:30: warning: unused variable ‘new_fd’ [-Wunused-variable]
../fog.cpp:390:7: warning: unused variable ‘port2’ [-Wunused-variable]
../fog.cpp:423:7: warning: unused variable ‘ConnectionRequest’ [-Wunused-variable]
Finished building: ../fog.cpp
 
Building target: ECE640
Invoking: Cross G++ Linker
g++  -o "ECE640"  ./.metadata/.plugins/org.eclipse.cdt.make.core/specs.o  ./fog.o ./test1.o   
Finished building target: ECE640
 

20:31:04 Build Finished (took 532ms)

